C:\USERS\SOM3A\DROPBOX\PERSONAL\SPACE SHOOTER - REFACTORED\SPACE SHOOTER\DEBUG\ENEMYSHIP.OBJ
C:\USERS\SOM3A\DROPBOX\PERSONAL\SPACE SHOOTER - REFACTORED\SPACE SHOOTER\DEBUG\GAMEMANAGER.OBJ
C:\USERS\SOM3A\DROPBOX\PERSONAL\SPACE SHOOTER - REFACTORED\SPACE SHOOTER\DEBUG\GAMEOBJECT.OBJ
C:\USERS\SOM3A\DROPBOX\PERSONAL\SPACE SHOOTER - REFACTORED\SPACE SHOOTER\DEBUG\GAMETEXTUREMANAGER.OBJ
C:\USERS\SOM3A\DROPBOX\PERSONAL\SPACE SHOOTER - REFACTORED\SPACE SHOOTER\DEBUG\MAIN.OBJ
C:\USERS\SOM3A\DROPBOX\PERSONAL\SPACE SHOOTER - REFACTORED\SPACE SHOOTER\DEBUG\MAIN_OLD.OBJ
C:\USERS\SOM3A\DROPBOX\PERSONAL\SPACE SHOOTER - REFACTORED\SPACE SHOOTER\DEBUG\PLAYERSHIP.OBJ
C:\USERS\SOM3A\DROPBOX\PERSONAL\SPACE SHOOTER - REFACTORED\SPACE SHOOTER\DEBUG\RENDERER.OBJ
C:\USERS\SOM3A\DROPBOX\PERSONAL\SPACE SHOOTER - REFACTORED\SPACE SHOOTER\DEBUG\TEXTUREMANAGER.OBJ
C:\USERS\SOM3A\DROPBOX\PERSONAL\SPACE SHOOTER - REFACTORED\SPACE SHOOTER\DEBUG\VC110.PDB
C:\USERS\SOM3A\DROPBOX\PERSONAL\SPACE SHOOTER - REFACTORED\SPACE SHOOTER\DEBUG\SPACE SHOOTER.ILK
C:\USERS\SOM3A\DROPBOX\PERSONAL\SPACE SHOOTER - REFACTORED\SPACE SHOOTER\DEBUG\SPACE SHOOTER.EXE
C:\USERS\SOM3A\DROPBOX\PERSONAL\SPACE SHOOTER - REFACTORED\SPACE SHOOTER\DEBUG\SPACE SHOOTER.PDB
C:\Users\Som3a\Dropbox\Personal\Space Shooter - Refactored\Space Shooter\Debug\EnemyShip.obj
C:\Users\Som3a\Dropbox\Personal\Space Shooter - Refactored\Space Shooter\Debug\GameManager.obj
C:\Users\Som3a\Dropbox\Personal\Space Shooter - Refactored\Space Shooter\Debug\GameObject.obj
C:\Users\Som3a\Dropbox\Personal\Space Shooter - Refactored\Space Shooter\Debug\GameTextureManager.obj
C:\Users\Som3a\Dropbox\Personal\Space Shooter - Refactored\Space Shooter\Debug\main.obj
C:\Users\Som3a\Dropbox\Personal\Space Shooter - Refactored\Space Shooter\Debug\main_Old.obj
C:\Users\Som3a\Dropbox\Personal\Space Shooter - Refactored\Space Shooter\Debug\PlayerShip.obj
C:\Users\Som3a\Dropbox\Personal\Space Shooter - Refactored\Space Shooter\Debug\Renderer.obj
C:\Users\Som3a\Dropbox\Personal\Space Shooter - Refactored\Space Shooter\Debug\TextureManager.obj
C:\Users\Som3a\Dropbox\Personal\Space Shooter - Refactored\Space Shooter\Debug\Space Shooter.ilk
C:\Users\Som3a\Dropbox\Personal\Space Shooter - Refactored\Space Shooter\Debug\cl.command.1.tlog
C:\Users\Som3a\Dropbox\Personal\Space Shooter - Refactored\Space Shooter\Debug\CL.read.1.tlog
C:\Users\Som3a\Dropbox\Personal\Space Shooter - Refactored\Space Shooter\Debug\CL.write.1.tlog
C:\Users\Som3a\Dropbox\Personal\Space Shooter - Refactored\Space Shooter\Debug\link-cvtres.read.1.tlog
C:\Users\Som3a\Dropbox\Personal\Space Shooter - Refactored\Space Shooter\Debug\link-cvtres.write.1.tlog
C:\Users\Som3a\Dropbox\Personal\Space Shooter - Refactored\Space Shooter\Debug\link-rc.read.1.tlog
C:\Users\Som3a\Dropbox\Personal\Space Shooter - Refactored\Space Shooter\Debug\link-rc.write.1.tlog
C:\Users\Som3a\Dropbox\Personal\Space Shooter - Refactored\Space Shooter\Debug\link.14280-cvtres.read.1.tlog
C:\Users\Som3a\Dropbox\Personal\Space Shooter - Refactored\Space Shooter\Debug\link.14280-cvtres.write.1.tlog
C:\Users\Som3a\Dropbox\Personal\Space Shooter - Refactored\Space Shooter\Debug\link.14280-rc.read.1.tlog
C:\Users\Som3a\Dropbox\Personal\Space Shooter - Refactored\Space Shooter\Debug\link.14280-rc.write.1.tlog
C:\Users\Som3a\Dropbox\Personal\Space Shooter - Refactored\Space Shooter\Debug\link.14280.read.1.tlog
C:\Users\Som3a\Dropbox\Personal\Space Shooter - Refactored\Space Shooter\Debug\link.14280.write.1.tlog
C:\Users\Som3a\Dropbox\Personal\Space Shooter - Refactored\Space Shooter\Debug\link.command.1.tlog
C:\Users\Som3a\Dropbox\Personal\Space Shooter - Refactored\Space Shooter\Debug\link.read.1.tlog
C:\Users\Som3a\Dropbox\Personal\Space Shooter - Refactored\Space Shooter\Debug\link.write.1.tlog
C:\Users\Som3a\Dropbox\Personal\Space Shooter - Refactored\Space Shooter\Debug\vc110.idb
C:\Users\Som3a\Dropbox\Personal\Space Shooter - Refactored\Space Shooter\Debug\Space Shooter.pdb
C:\Users\Som3a\Dropbox\Personal\Space Shooter - Refactored\Space Shooter\Debug\vc110.pdb
C:\Users\Som3a\Dropbox\Personal\Space Shooter - Refactored\Space Shooter\Debug\Space Shooter.exe
