C:\Users\Som3a\Dropbox\GUC\DMET502 Computer Graphics\Assignments\Assignment I\Space Shooter\Debug\Assignment I Template.ilk
C:\Users\Som3a\Dropbox\GUC\DMET502 Computer Graphics\Assignments\Assignment I\Space Shooter\Debug\Assignment I Template.pdb
C:\Users\Som3a\Dropbox\GUC\DMET502 Computer Graphics\Assignments\Assignment I\Space Shooter\Debug\cl.command.1.tlog
C:\Users\Som3a\Dropbox\GUC\DMET502 Computer Graphics\Assignments\Assignment I\Space Shooter\Debug\CL.read.1.tlog
C:\Users\Som3a\Dropbox\GUC\DMET502 Computer Graphics\Assignments\Assignment I\Space Shooter\Debug\CL.write.1.tlog
C:\Users\Som3a\Dropbox\GUC\DMET502 Computer Graphics\Assignments\Assignment I\Space Shooter\Debug\link.1452.read.1.tlog
C:\Users\Som3a\Dropbox\GUC\DMET502 Computer Graphics\Assignments\Assignment I\Space Shooter\Debug\link.1452.write.1.tlog
C:\Users\Som3a\Dropbox\GUC\DMET502 Computer Graphics\Assignments\Assignment I\Space Shooter\Debug\link.1452-cvtres.read.1.tlog
C:\Users\Som3a\Dropbox\GUC\DMET502 Computer Graphics\Assignments\Assignment I\Space Shooter\Debug\link.1452-cvtres.write.1.tlog
C:\Users\Som3a\Dropbox\GUC\DMET502 Computer Graphics\Assignments\Assignment I\Space Shooter\Debug\link.3620.read.1.tlog
C:\Users\Som3a\Dropbox\GUC\DMET502 Computer Graphics\Assignments\Assignment I\Space Shooter\Debug\link.3620.write.1.tlog
C:\Users\Som3a\Dropbox\GUC\DMET502 Computer Graphics\Assignments\Assignment I\Space Shooter\Debug\link.3620-cvtres.read.1.tlog
C:\Users\Som3a\Dropbox\GUC\DMET502 Computer Graphics\Assignments\Assignment I\Space Shooter\Debug\link.3620-cvtres.write.1.tlog
C:\Users\Som3a\Dropbox\GUC\DMET502 Computer Graphics\Assignments\Assignment I\Space Shooter\Debug\link.4396.read.1.tlog
C:\Users\Som3a\Dropbox\GUC\DMET502 Computer Graphics\Assignments\Assignment I\Space Shooter\Debug\link.4396.write.1.tlog
C:\Users\Som3a\Dropbox\GUC\DMET502 Computer Graphics\Assignments\Assignment I\Space Shooter\Debug\link.4396-cvtres.read.1.tlog
C:\Users\Som3a\Dropbox\GUC\DMET502 Computer Graphics\Assignments\Assignment I\Space Shooter\Debug\link.4396-cvtres.write.1.tlog
C:\Users\Som3a\Dropbox\GUC\DMET502 Computer Graphics\Assignments\Assignment I\Space Shooter\Debug\link.5124.read.1.tlog
C:\Users\Som3a\Dropbox\GUC\DMET502 Computer Graphics\Assignments\Assignment I\Space Shooter\Debug\link.5124.write.1.tlog
C:\Users\Som3a\Dropbox\GUC\DMET502 Computer Graphics\Assignments\Assignment I\Space Shooter\Debug\link.5124-cvtres.read.1.tlog
C:\Users\Som3a\Dropbox\GUC\DMET502 Computer Graphics\Assignments\Assignment I\Space Shooter\Debug\link.5124-cvtres.write.1.tlog
C:\Users\Som3a\Dropbox\GUC\DMET502 Computer Graphics\Assignments\Assignment I\Space Shooter\Debug\link.5744.read.1.tlog
C:\Users\Som3a\Dropbox\GUC\DMET502 Computer Graphics\Assignments\Assignment I\Space Shooter\Debug\link.5744.write.1.tlog
C:\Users\Som3a\Dropbox\GUC\DMET502 Computer Graphics\Assignments\Assignment I\Space Shooter\Debug\link.5744-cvtres.read.1.tlog
C:\Users\Som3a\Dropbox\GUC\DMET502 Computer Graphics\Assignments\Assignment I\Space Shooter\Debug\link.5744-cvtres.write.1.tlog
C:\Users\Som3a\Dropbox\GUC\DMET502 Computer Graphics\Assignments\Assignment I\Space Shooter\Debug\link.command.1.tlog
C:\Users\Som3a\Dropbox\GUC\DMET502 Computer Graphics\Assignments\Assignment I\Space Shooter\Debug\link.read.1.tlog
C:\Users\Som3a\Dropbox\GUC\DMET502 Computer Graphics\Assignments\Assignment I\Space Shooter\Debug\link.write.1.tlog
C:\Users\Som3a\Dropbox\GUC\DMET502 Computer Graphics\Assignments\Assignment I\Space Shooter\Debug\link-cvtres.read.1.tlog
C:\Users\Som3a\Dropbox\GUC\DMET502 Computer Graphics\Assignments\Assignment I\Space Shooter\Debug\link-cvtres.write.1.tlog
C:\USERS\SOM3A\DROPBOX\GUC\DMET502 COMPUTER GRAPHICS\ASSIGNMENTS\ASSIGNMENT I\SPACE SHOOTER\DEBUG\MAIN.OBJ
C:\Users\Som3a\Dropbox\GUC\DMET502 Computer Graphics\Assignments\Assignment I\Space Shooter\Debug\mt.command.1.tlog
C:\Users\Som3a\Dropbox\GUC\DMET502 Computer Graphics\Assignments\Assignment I\Space Shooter\Debug\mt.read.1.tlog
C:\Users\Som3a\Dropbox\GUC\DMET502 Computer Graphics\Assignments\Assignment I\Space Shooter\Debug\mt.write.1.tlog
C:\Users\Som3a\Dropbox\GUC\DMET502 Computer Graphics\Assignments\Assignment I\Space Shooter\Debug\rc.command.1.tlog
C:\Users\Som3a\Dropbox\GUC\DMET502 Computer Graphics\Assignments\Assignment I\Space Shooter\Debug\rc.read.1.tlog
C:\Users\Som3a\Dropbox\GUC\DMET502 Computer Graphics\Assignments\Assignment I\Space Shooter\Debug\rc.write.1.tlog
C:\USERS\SOM3A\DROPBOX\GUC\DMET502 COMPUTER GRAPHICS\ASSIGNMENTS\ASSIGNMENT I\SPACE SHOOTER\DEBUG\SPACE SHOOTER.EXE
C:\USERS\SOM3A\DROPBOX\GUC\DMET502 COMPUTER GRAPHICS\ASSIGNMENTS\ASSIGNMENT I\SPACE SHOOTER\DEBUG\SPACE SHOOTER.EXE.EMBED.MANIFEST
C:\USERS\SOM3A\DROPBOX\GUC\DMET502 COMPUTER GRAPHICS\ASSIGNMENTS\ASSIGNMENT I\SPACE SHOOTER\DEBUG\SPACE SHOOTER.EXE.EMBED.MANIFEST.RES
C:\USERS\SOM3A\DROPBOX\GUC\DMET502 COMPUTER GRAPHICS\ASSIGNMENTS\ASSIGNMENT I\SPACE SHOOTER\DEBUG\SPACE SHOOTER.EXE.INTERMEDIATE.MANIFEST
C:\USERS\SOM3A\DROPBOX\GUC\DMET502 COMPUTER GRAPHICS\ASSIGNMENTS\ASSIGNMENT I\SPACE SHOOTER\DEBUG\SPACE SHOOTER.ILK
C:\USERS\SOM3A\DROPBOX\GUC\DMET502 COMPUTER GRAPHICS\ASSIGNMENTS\ASSIGNMENT I\SPACE SHOOTER\DEBUG\SPACE SHOOTER.PDB
C:\Users\Som3a\Dropbox\GUC\DMET502 Computer Graphics\Assignments\Assignment I\Space Shooter\Debug\Space Shooter.vcxprojResolveAssemblyReference.cache
C:\Users\Som3a\Dropbox\GUC\DMET502 Computer Graphics\Assignments\Assignment I\Space Shooter\Debug\Space Shooter.write.1.tlog
C:\Users\Som3a\Dropbox\GUC\DMET502 Computer Graphics\Assignments\Assignment I\Space Shooter\Debug\Space Shooter_manifest.rc
C:\USERS\SOM3A\DROPBOX\GUC\DMET502 COMPUTER GRAPHICS\ASSIGNMENTS\ASSIGNMENT I\SPACE SHOOTER\DEBUG\TEXTUREMANAGER.OBJ
C:\Users\Som3a\Dropbox\GUC\DMET502 Computer Graphics\Assignments\Assignment I\Space Shooter\Debug\vc100.idb
C:\USERS\SOM3A\DROPBOX\GUC\DMET502 COMPUTER GRAPHICS\ASSIGNMENTS\ASSIGNMENT I\SPACE SHOOTER\DEBUG\VC100.PDB
