Build started 9/1/2015 8:08:49 PM.
     1>Project "C:\Users\Som3a\Desktop\Demos\Space Shooter\Space Shooter.vcxproj" on node 2 (build target(s)).
     1>InitializeBuildStatus:
         Creating "Debug\Space Shooter.unsuccessfulbuild" because "AlwaysCreate" was specified.
       ClCompile:
         c:\Program Files (x86)\Microsoft Visual Studio 10.0\VC\bin\CL.exe /c /ZI /nologo /W3 /WX- /Od /Oy- /D _MBCS /Gm /EHsc /RTC1 /MDd /GS /fp:precise /Zc:wchar_t /Zc:forScope /Fo"Debug\\" /Fd"Debug\vc100.pdb" /Gd /TP /analyze- /errorReport:prompt main.cpp
         main.cpp
     1>c:\users\som3a\desktop\demos\space shooter\main.cpp(458): warning C4996: 'sprintf': This function or variable may be unsafe. Consider using sprintf_s instead. To disable deprecation, use _CRT_SECURE_NO_WARNINGS. See online help for details.
                 c:\program files (x86)\microsoft visual studio 10.0\vc\include\stdio.h(371) : see declaration of 'sprintf'
       ManifestResourceCompile:
         All outputs are up-to-date.
       Link:
         c:\Program Files (x86)\Microsoft Visual Studio 10.0\VC\bin\link.exe /ERRORREPORT:PROMPT /OUT:"C:\Users\Som3a\Desktop\Demos\Space Shooter\Debug\Space Shooter.exe" /INCREMENTAL /NOLOGO kernel32.lib user32.lib gdi32.lib winspool.lib comdlg32.lib advapi32.lib shell32.lib ole32.lib oleaut32.lib uuid.lib odbc32.lib odbccp32.lib /MANIFEST /ManifestFile:"Debug\Space Shooter.exe.intermediate.manifest" /MANIFESTUAC:"level='asInvoker' uiAccess='false'" /DEBUG /PDB:"C:\Users\Som3a\Desktop\Demos\Space Shooter\Debug\Space Shooter.pdb" /TLBID:1 /DYNAMICBASE /NXCOMPAT /IMPLIB:"C:\Users\Som3a\Desktop\Demos\Space Shooter\Debug\Space Shooter.lib" /MACHINE:X86 "Debug\Space Shooter.exe.embed.manifest.res"
         Debug\main.obj
         Debug\TextureManager.obj
       Manifest:
         C:\Program Files (x86)\Microsoft SDKs\Windows\v7.0A\bin\mt.exe /nologo /verbose /out:"Debug\Space Shooter.exe.embed.manifest" /manifest "Debug\Space Shooter.exe.intermediate.manifest"
         All outputs are up-to-date.
       LinkEmbedManifest:
         All outputs are up-to-date.
         Space Shooter.vcxproj -> C:\Users\Som3a\Desktop\Demos\Space Shooter\Debug\Space Shooter.exe
       FinalizeBuildStatus:
         Deleting file "Debug\Space Shooter.unsuccessfulbuild".
         Touching "Debug\Space Shooter.lastbuildstate".
     1>Done Building Project "C:\Users\Som3a\Desktop\Demos\Space Shooter\Space Shooter.vcxproj" (build target(s)).

Build succeeded.

Time Elapsed 00:00:00.71
