C:\USERS\SOM3A\DROPBOX\PERSONAL\SPACE SHOOTER - REFACTORED\SPACE SHOOTER\RELEASE\TEXTUREMANAGER.OBJ
C:\USERS\SOM3A\DROPBOX\PERSONAL\SPACE SHOOTER - REFACTORED\SPACE SHOOTER\RELEASE\RENDERER.OBJ
C:\USERS\SOM3A\DROPBOX\PERSONAL\SPACE SHOOTER - REFACTORED\SPACE SHOOTER\RELEASE\PLAYERSHIP.OBJ
C:\USERS\SOM3A\DROPBOX\PERSONAL\SPACE SHOOTER - REFACTORED\SPACE SHOOTER\RELEASE\MAIN_OLD.OBJ
C:\USERS\SOM3A\DROPBOX\PERSONAL\SPACE SHOOTER - REFACTORED\SPACE SHOOTER\RELEASE\MAIN.OBJ
C:\USERS\SOM3A\DROPBOX\PERSONAL\SPACE SHOOTER - REFACTORED\SPACE SHOOTER\RELEASE\GAMETEXTUREMANAGER.OBJ
C:\USERS\SOM3A\DROPBOX\PERSONAL\SPACE SHOOTER - REFACTORED\SPACE SHOOTER\RELEASE\GAMEOBJECT.OBJ
C:\USERS\SOM3A\DROPBOX\PERSONAL\SPACE SHOOTER - REFACTORED\SPACE SHOOTER\RELEASE\GAMEMANAGER.OBJ
C:\USERS\SOM3A\DROPBOX\PERSONAL\SPACE SHOOTER - REFACTORED\SPACE SHOOTER\RELEASE\ENEMYSHIP.OBJ
C:\USERS\SOM3A\DROPBOX\PERSONAL\SPACE SHOOTER - REFACTORED\SPACE SHOOTER\RELEASE\BULLET.OBJ
C:\USERS\SOM3A\DROPBOX\PERSONAL\SPACE SHOOTER - REFACTORED\SPACE SHOOTER\RELEASE\VC110.PDB
C:\USERS\SOM3A\DROPBOX\PERSONAL\SPACE SHOOTER - REFACTORED\SPACE SHOOTER\RELEASE\SPACE SHOOTER.EXE
C:\USERS\SOM3A\DROPBOX\PERSONAL\SPACE SHOOTER - REFACTORED\SPACE SHOOTER\RELEASE\SPACE SHOOTER.PDB
C:\Users\Som3a\Dropbox\Personal\Space Shooter - Refactored\Space Shooter\Release\Bullet.obj
C:\Users\Som3a\Dropbox\Personal\Space Shooter - Refactored\Space Shooter\Release\EnemyShip.obj
C:\Users\Som3a\Dropbox\Personal\Space Shooter - Refactored\Space Shooter\Release\GameManager.obj
C:\Users\Som3a\Dropbox\Personal\Space Shooter - Refactored\Space Shooter\Release\GameObject.obj
C:\Users\Som3a\Dropbox\Personal\Space Shooter - Refactored\Space Shooter\Release\GameTextureManager.obj
C:\Users\Som3a\Dropbox\Personal\Space Shooter - Refactored\Space Shooter\Release\main.obj
C:\Users\Som3a\Dropbox\Personal\Space Shooter - Refactored\Space Shooter\Release\main_Old.obj
C:\Users\Som3a\Dropbox\Personal\Space Shooter - Refactored\Space Shooter\Release\PlayerShip.obj
C:\Users\Som3a\Dropbox\Personal\Space Shooter - Refactored\Space Shooter\Release\Renderer.obj
C:\Users\Som3a\Dropbox\Personal\Space Shooter - Refactored\Space Shooter\Release\TextureManager.obj
C:\Users\Som3a\Dropbox\Personal\Space Shooter - Refactored\Space Shooter\Release\cl.command.1.tlog
C:\Users\Som3a\Dropbox\Personal\Space Shooter - Refactored\Space Shooter\Release\CL.read.1.tlog
C:\Users\Som3a\Dropbox\Personal\Space Shooter - Refactored\Space Shooter\Release\CL.write.1.tlog
C:\Users\Som3a\Dropbox\Personal\Space Shooter - Refactored\Space Shooter\Release\link-cvtres.read.1.tlog
C:\Users\Som3a\Dropbox\Personal\Space Shooter - Refactored\Space Shooter\Release\link-cvtres.write.1.tlog
C:\Users\Som3a\Dropbox\Personal\Space Shooter - Refactored\Space Shooter\Release\link-rc.read.1.tlog
C:\Users\Som3a\Dropbox\Personal\Space Shooter - Refactored\Space Shooter\Release\link-rc.write.1.tlog
C:\Users\Som3a\Dropbox\Personal\Space Shooter - Refactored\Space Shooter\Release\link.command.1.tlog
C:\Users\Som3a\Dropbox\Personal\Space Shooter - Refactored\Space Shooter\Release\link.read.1.tlog
C:\Users\Som3a\Dropbox\Personal\Space Shooter - Refactored\Space Shooter\Release\link.write.1.tlog
C:\Users\Som3a\Dropbox\Personal\Space Shooter - Refactored\Space Shooter\Release\Space Shooter.pdb
C:\Users\Som3a\Dropbox\Personal\Space Shooter - Refactored\Space Shooter\Release\vc110.pdb
C:\Users\Som3a\Dropbox\Personal\Space Shooter - Refactored\Space Shooter\Release\Space Shooter.exe
